[rospy.client][INFO] 2025-10-03 18:09:47,081: init_node, name[/joystick_relay], pid[221]
[xmlrpc][INFO] 2025-10-03 18:09:47,081: XML-RPC server binding to 127.0.0.1:0
[xmlrpc][INFO] 2025-10-03 18:09:47,082: Started XML-RPC server [http://127.0.0.1:43769/]
[rospy.init][INFO] 2025-10-03 18:09:47,082: ROS Slave URI: [http://127.0.0.1:43769/]
[rospy.impl.masterslave][INFO] 2025-10-03 18:09:47,082: _ready: http://127.0.0.1:43769/
[rospy.registration][INFO] 2025-10-03 18:09:47,082: Registering with master node http://localhost:11311/
[xmlrpc][INFO] 2025-10-03 18:09:47,082: xml rpc node: starting XML-RPC server
[rospy.init][INFO] 2025-10-03 18:09:47,182: registered with master
[rospy.rosout][INFO] 2025-10-03 18:09:47,182: initializing /rosout core topic
[rospy.rosout][INFO] 2025-10-03 18:09:47,186: connected to core topic /rosout
[rospy.simtime][INFO] 2025-10-03 18:09:47,186: initializing /clock core topic
[rospy.simtime][INFO] 2025-10-03 18:09:47,188: connected to core topic /clock
[rospy.internal][INFO] 2025-10-03 18:09:47,402: topic[/rosout] adding connection to [/rosout], count 0
[rospy.internal][INFO] 2025-10-03 18:09:47,448: topic[/joy_vel] adding connection to [/twist_mux], count 0
[rospy.internal][INFO] 2025-10-03 18:09:47,452: topic[/joy_priority] adding connection to [/twist_mux], count 0
[rospy.internal][INFO] 2025-10-03 18:09:49,077: topic[/clock] adding connection to [http://127.0.0.1:38825/], count 0
[rospy.internal][INFO] 2025-10-03 18:13:23,823: topic[/joy_vel] adding connection to [/twist_mux], count 1
[rospy.internal][INFO] 2025-10-03 18:13:23,823: topic[/joy_vel] removing connection to /twist_mux
[rospy.internal][INFO] 2025-10-03 18:13:24,022: topic[/joy_priority] adding connection to [/twist_mux], count 1
[rospy.internal][INFO] 2025-10-03 18:13:24,023: topic[/joy_priority] removing connection to /twist_mux
[rospy.impl.masterslave][INFO] 2025-10-03 18:13:24,132: external shutdown request from [/master]: [/joystick_relay] Reason: new node registered with same name
[rospy.core][INFO] 2025-10-03 18:13:24,145: signal_shutdown [external shutdown request from [/master]: [[/joystick_relay] Reason: new node registered with same name]]
[rospy.internal][INFO] 2025-10-03 18:13:24,193: topic[/rosout] removing connection to /rosout
[rospy.internal][INFO] 2025-10-03 18:13:24,194: topic[/joy_vel] removing connection to /twist_mux
[rospy.internal][INFO] 2025-10-03 18:13:24,194: topic[/joy_priority] removing connection to /twist_mux
[rospy.internal][INFO] 2025-10-03 18:13:24,199: topic[/clock] removing connection to http://127.0.0.1:38825/
[rospy.internal][ERROR] 2025-10-03 18:13:24,204: Traceback (most recent call last):
  File "/opt/ros/noetic/lib/python3/dist-packages/rospy/impl/tcpros_base.py", line 739, in receive_once
    sock.setblocking(1)
OSError: [Errno 9] Bad file descriptor

[rospy.core][INFO] 2025-10-03 18:13:24,453: signal_shutdown [atexit]
