[rospy.client][INFO] 2025-10-17 13:17:44,593: init_node, name[/default_controllers_spawner], pid[186]
[xmlrpc][INFO] 2025-10-17 13:17:44,593: XML-RPC server binding to 127.0.0.1:0
[xmlrpc][INFO] 2025-10-17 13:17:44,593: Started XML-RPC server [http://127.0.0.1:46867/]
[rospy.init][INFO] 2025-10-17 13:17:44,594: ROS Slave URI: [http://127.0.0.1:46867/]
[rospy.impl.masterslave][INFO] 2025-10-17 13:17:44,594: _ready: http://127.0.0.1:46867/
[rospy.registration][INFO] 2025-10-17 13:17:44,595: Registering with master node http://localhost:11311/
[xmlrpc][INFO] 2025-10-17 13:17:44,595: xml rpc node: starting XML-RPC server
[rospy.init][INFO] 2025-10-17 13:17:44,694: registered with master
[rospy.rosout][INFO] 2025-10-17 13:17:44,694: initializing /rosout core topic
[rospy.rosout][INFO] 2025-10-17 13:17:44,699: connected to core topic /rosout
[rospy.simtime][INFO] 2025-10-17 13:17:44,700: initializing /clock core topic
[rospy.simtime][INFO] 2025-10-17 13:17:44,704: connected to core topic /clock
[rosout][INFO] 2025-10-17 13:17:44,707: Controller Spawner: Waiting for service controller_manager/load_controller
[rospy.internal][INFO] 2025-10-17 13:17:44,947: topic[/rosout] adding connection to [/rosout], count 0
[rospy.internal][INFO] 2025-10-17 13:17:46,501: topic[/clock] adding connection to [http://127.0.0.1:35813/], count 0
[rosout][INFO] 2025-10-17 13:17:46,820: Controller Spawner: Waiting for service controller_manager/switch_controller
[rosout][INFO] 2025-10-17 13:17:46,831: Controller Spawner: Waiting for service controller_manager/unload_controller
[rosout][INFO] 2025-10-17 13:17:46,850: Loading controller: joint_state_controller
[rosout][INFO] 2025-10-17 13:17:46,910: Loading controller: torso_controller
[rosout][INFO] 2025-10-17 13:17:47,113: Loading controller: head_controller
[rosout][INFO] 2025-10-17 13:17:47,167: Loading controller: arm_controller
[rosout][INFO] 2025-10-17 13:17:47,244: Loading controller: mobile_base_controller
[rosout][INFO] 2025-10-17 13:17:47,468: Controller Spawner: Loaded controllers: joint_state_controller, torso_controller, head_controller, arm_controller, mobile_base_controller
[rosout][INFO] 2025-10-17 13:17:47,482: Started controllers: joint_state_controller, torso_controller, head_controller, arm_controller, mobile_base_controller
[rospy.impl.masterslave][INFO] 2025-10-17 14:24:39,809: external shutdown request from [/master]: [/default_controllers_spawner] Reason: new node registered with same name
[rospy.core][INFO] 2025-10-17 14:24:39,810: signal_shutdown [external shutdown request from [/master]: [[/default_controllers_spawner] Reason: new node registered with same name]]
[rosout][INFO] 2025-10-17 14:24:39,810: Shutting down spawner. Stopping and unloading controllers...
[rospy.internal][INFO] 2025-10-17 14:24:40,127: topic[/rosout] removing connection to /rosout
[rosout][INFO] 2025-10-17 14:24:40,820: Stopping all controllers...
[rosout][INFO] 2025-10-17 14:24:40,824: Unloading all loaded controllers...
[rosout][INFO] 2025-10-17 14:24:40,826: Trying to unload mobile_base_controller
[rosout][INFO] 2025-10-17 14:24:40,831: Succeeded in unloading mobile_base_controller
[rosout][INFO] 2025-10-17 14:24:40,833: Trying to unload arm_controller
[rosout][INFO] 2025-10-17 14:24:40,844: Succeeded in unloading arm_controller
[rosout][INFO] 2025-10-17 14:24:40,846: Trying to unload head_controller
[rosout][INFO] 2025-10-17 14:24:40,859: Succeeded in unloading head_controller
[rosout][INFO] 2025-10-17 14:24:40,861: Trying to unload torso_controller
[rosout][INFO] 2025-10-17 14:24:40,872: Succeeded in unloading torso_controller
[rosout][INFO] 2025-10-17 14:24:40,874: Trying to unload joint_state_controller
[rosout][INFO] 2025-10-17 14:24:40,880: Succeeded in unloading joint_state_controller
[rospy.internal][INFO] 2025-10-17 14:24:40,884: topic[/clock] removing connection to http://127.0.0.1:35813/
[rospy.core][INFO] 2025-10-17 14:24:41,052: signal_shutdown [atexit]
